2012-04-24 09:41:07,629 DEBUG [http-8080-1] org.jboss.resteasy.core.SynchronousDispatcher: PathInfo: /collectionA/collectionB/ResourceName
2012-04-24 09:41:07,877 WARN  [http-8080-1] org.jboss.resteasy.core.SynchronousDispatcher: failed to execute
org.fiware.apps.repository.exceptions.web.RestNotFoundException
	at org.fiware.apps.repository.rest.CollectionService.getResource(CollectionService.java:142)
	at org.fiware.apps.repository.rest.CollectionService.getResource(CollectionService.java:64)
	at sun.reflect.NativeMethodAccessorImpl.invoke0(Native Method)
	at sun.reflect.NativeMethodAccessorImpl.invoke(NativeMethodAccessorImpl.java:57)
	at sun.reflect.DelegatingMethodAccessorImpl.invoke(DelegatingMethodAccessorImpl.java:43)
	at java.lang.reflect.Method.invoke(Method.java:616)
	at org.jboss.resteasy.core.MethodInjectorImpl.invoke(MethodInjectorImpl.java:140)
	at org.jboss.resteasy.core.ResourceMethod.invokeOnTarget(ResourceMethod.java:255)
	at org.jboss.resteasy.core.ResourceMethod.invoke(ResourceMethod.java:220)
	at org.jboss.resteasy.core.ResourceMethod.invoke(ResourceMethod.java:209)
	at org.jboss.resteasy.core.SynchronousDispatcher.getResponse(SynchronousDispatcher.java:519)
	at org.jboss.resteasy.core.SynchronousDispatcher.invoke(SynchronousDispatcher.java:496)
	at org.jboss.resteasy.core.SynchronousDispatcher.invoke(SynchronousDispatcher.java:119)
	at org.jboss.resteasy.plugins.server.servlet.ServletContainerDispatcher.service(ServletContainerDispatcher.java:208)
	at org.jboss.resteasy.plugins.server.servlet.HttpServletDispatcher.service(HttpServletDispatcher.java:55)
	at org.jboss.resteasy.plugins.server.servlet.HttpServletDispatcher.service(HttpServletDispatcher.java:50)
	at javax.servlet.http.HttpServlet.service(HttpServlet.java:717)
	at org.apache.catalina.core.ApplicationFilterChain.internalDoFilter(ApplicationFilterChain.java:290)
	at org.apache.catalina.core.ApplicationFilterChain.doFilter(ApplicationFilterChain.java:206)
	at com.thetransactioncompany.cors.CORSFilter.doFilter(Unknown Source)
	at com.thetransactioncompany.cors.CORSFilter.doFilter(Unknown Source)
	at org.apache.catalina.core.ApplicationFilterChain.internalDoFilter(ApplicationFilterChain.java:235)
	at org.apache.catalina.core.ApplicationFilterChain.doFilter(ApplicationFilterChain.java:206)
	at org.apache.catalina.core.StandardWrapperValve.invoke(StandardWrapperValve.java:233)
	at org.apache.catalina.core.StandardContextValve.invoke(StandardContextValve.java:191)
	at org.apache.catalina.core.StandardHostValve.invoke(StandardHostValve.java:127)
	at org.apache.catalina.valves.ErrorReportValve.invoke(ErrorReportValve.java:102)
	at org.apache.catalina.core.StandardEngineValve.invoke(StandardEngineValve.java:109)
	at org.apache.catalina.connector.CoyoteAdapter.service(CoyoteAdapter.java:293)
	at org.apache.coyote.http11.Http11Processor.process(Http11Processor.java:859)
	at org.apache.coyote.http11.Http11Protocol$Http11ConnectionHandler.process(Http11Protocol.java:602)
	at org.apache.tomcat.util.net.JIoEndpoint$Worker.run(JIoEndpoint.java:489)
	at java.lang.Thread.run(Thread.java:679)
2012-04-24 09:51:06,344 DEBUG [http-8080-1] org.jboss.resteasy.core.SynchronousDispatcher: PathInfo: /collectionA
2012-04-24 09:51:06,344 WARN  [http-8080-1] org.jboss.resteasy.core.SynchronousDispatcher: Failed executing POST /collectionA
org.jboss.resteasy.spi.UnsupportedMediaTypeException: Cannot consume content type
	at org.jboss.resteasy.core.registry.Segment.match(Segment.java:112)
	at org.jboss.resteasy.core.registry.PathParamSegment.matchPattern(PathParamSegment.java:191)
	at org.jboss.resteasy.core.registry.RootSegment.matchChildren(RootSegment.java:339)
	at org.jboss.resteasy.core.registry.RootSegment.matchRoot(RootSegment.java:374)
	at org.jboss.resteasy.core.registry.RootSegment.matchRoot(RootSegment.java:367)
	at org.jboss.resteasy.core.ResourceMethodRegistry.getResourceInvoker(ResourceMethodRegistry.java:251)
	at org.jboss.resteasy.core.SynchronousDispatcher.getInvoker(SynchronousDispatcher.java:173)
	at org.jboss.resteasy.core.SynchronousDispatcher.invoke(SynchronousDispatcher.java:118)
	at org.jboss.resteasy.plugins.server.servlet.ServletContainerDispatcher.service(ServletContainerDispatcher.java:208)
	at org.jboss.resteasy.plugins.server.servlet.HttpServletDispatcher.service(HttpServletDispatcher.java:55)
	at org.jboss.resteasy.plugins.server.servlet.HttpServletDispatcher.service(HttpServletDispatcher.java:50)
	at javax.servlet.http.HttpServlet.service(HttpServlet.java:717)
	at org.apache.catalina.core.ApplicationFilterChain.internalDoFilter(ApplicationFilterChain.java:290)
	at org.apache.catalina.core.ApplicationFilterChain.doFilter(ApplicationFilterChain.java:206)
	at com.thetransactioncompany.cors.CORSFilter.doFilter(Unknown Source)
	at com.thetransactioncompany.cors.CORSFilter.doFilter(Unknown Source)
	at org.apache.catalina.core.ApplicationFilterChain.internalDoFilter(ApplicationFilterChain.java:235)
	at org.apache.catalina.core.ApplicationFilterChain.doFilter(ApplicationFilterChain.java:206)
	at org.apache.catalina.core.StandardWrapperValve.invoke(StandardWrapperValve.java:233)
	at org.apache.catalina.core.StandardContextValve.invoke(StandardContextValve.java:191)
	at org.apache.catalina.core.StandardHostValve.invoke(StandardHostValve.java:127)
	at org.apache.catalina.valves.ErrorReportValve.invoke(ErrorReportValve.java:102)
	at org.apache.catalina.core.StandardEngineValve.invoke(StandardEngineValve.java:109)
	at org.apache.catalina.connector.CoyoteAdapter.service(CoyoteAdapter.java:293)
	at org.apache.coyote.http11.Http11Processor.process(Http11Processor.java:859)
	at org.apache.coyote.http11.Http11Protocol$Http11ConnectionHandler.process(Http11Protocol.java:602)
	at org.apache.tomcat.util.net.JIoEndpoint$Worker.run(JIoEndpoint.java:489)
	at java.lang.Thread.run(Thread.java:679)
2012-04-24 09:52:11,790 DEBUG [http-8080-1] org.jboss.resteasy.core.SynchronousDispatcher: PathInfo: /collectionA
2012-04-24 09:52:11,790 WARN  [http-8080-1] org.jboss.resteasy.core.SynchronousDispatcher: Failed executing POST /collectionA
org.jboss.resteasy.spi.UnsupportedMediaTypeException: Cannot consume content type
	at org.jboss.resteasy.core.registry.Segment.match(Segment.java:112)
	at org.jboss.resteasy.core.registry.PathParamSegment.matchPattern(PathParamSegment.java:191)
	at org.jboss.resteasy.core.registry.RootSegment.matchChildren(RootSegment.java:339)
	at org.jboss.resteasy.core.registry.RootSegment.matchRoot(RootSegment.java:374)
	at org.jboss.resteasy.core.registry.RootSegment.matchRoot(RootSegment.java:367)
	at org.jboss.resteasy.core.ResourceMethodRegistry.getResourceInvoker(ResourceMethodRegistry.java:251)
	at org.jboss.resteasy.core.SynchronousDispatcher.getInvoker(SynchronousDispatcher.java:173)
	at org.jboss.resteasy.core.SynchronousDispatcher.invoke(SynchronousDispatcher.java:118)
	at org.jboss.resteasy.plugins.server.servlet.ServletContainerDispatcher.service(ServletContainerDispatcher.java:208)
	at org.jboss.resteasy.plugins.server.servlet.HttpServletDispatcher.service(HttpServletDispatcher.java:55)
	at org.jboss.resteasy.plugins.server.servlet.HttpServletDispatcher.service(HttpServletDispatcher.java:50)
	at javax.servlet.http.HttpServlet.service(HttpServlet.java:717)
	at org.apache.catalina.core.ApplicationFilterChain.internalDoFilter(ApplicationFilterChain.java:290)
	at org.apache.catalina.core.ApplicationFilterChain.doFilter(ApplicationFilterChain.java:206)
	at com.thetransactioncompany.cors.CORSFilter.doFilter(Unknown Source)
	at com.thetransactioncompany.cors.CORSFilter.doFilter(Unknown Source)
	at org.apache.catalina.core.ApplicationFilterChain.internalDoFilter(ApplicationFilterChain.java:235)
	at org.apache.catalina.core.ApplicationFilterChain.doFilter(ApplicationFilterChain.java:206)
	at org.apache.catalina.core.StandardWrapperValve.invoke(StandardWrapperValve.java:233)
	at org.apache.catalina.core.StandardContextValve.invoke(StandardContextValve.java:191)
	at org.apache.catalina.core.StandardHostValve.invoke(StandardHostValve.java:127)
	at org.apache.catalina.valves.ErrorReportValve.invoke(ErrorReportValve.java:102)
	at org.apache.catalina.core.StandardEngineValve.invoke(StandardEngineValve.java:109)
	at org.apache.catalina.connector.CoyoteAdapter.service(CoyoteAdapter.java:293)
	at org.apache.coyote.http11.Http11Processor.process(Http11Processor.java:859)
	at org.apache.coyote.http11.Http11Protocol$Http11ConnectionHandler.process(Http11Protocol.java:602)
	at org.apache.tomcat.util.net.JIoEndpoint$Worker.run(JIoEndpoint.java:489)
	at java.lang.Thread.run(Thread.java:679)
2012-04-24 09:52:34,072 DEBUG [http-8080-1] org.jboss.resteasy.core.SynchronousDispatcher: PathInfo: /collectionA
2012-04-24 09:52:34,072 WARN  [http-8080-1] org.jboss.resteasy.core.SynchronousDispatcher: Failed executing POST /collectionA
org.jboss.resteasy.spi.UnsupportedMediaTypeException: Cannot consume content type
	at org.jboss.resteasy.core.registry.Segment.match(Segment.java:112)
	at org.jboss.resteasy.core.registry.PathParamSegment.matchPattern(PathParamSegment.java:191)
	at org.jboss.resteasy.core.registry.RootSegment.matchChildren(RootSegment.java:339)
	at org.jboss.resteasy.core.registry.RootSegment.matchRoot(RootSegment.java:374)
	at org.jboss.resteasy.core.registry.RootSegment.matchRoot(RootSegment.java:367)
	at org.jboss.resteasy.core.ResourceMethodRegistry.getResourceInvoker(ResourceMethodRegistry.java:251)
	at org.jboss.resteasy.core.SynchronousDispatcher.getInvoker(SynchronousDispatcher.java:173)
	at org.jboss.resteasy.core.SynchronousDispatcher.invoke(SynchronousDispatcher.java:118)
	at org.jboss.resteasy.plugins.server.servlet.ServletContainerDispatcher.service(ServletContainerDispatcher.java:208)
	at org.jboss.resteasy.plugins.server.servlet.HttpServletDispatcher.service(HttpServletDispatcher.java:55)
	at org.jboss.resteasy.plugins.server.servlet.HttpServletDispatcher.service(HttpServletDispatcher.java:50)
	at javax.servlet.http.HttpServlet.service(HttpServlet.java:717)
	at org.apache.catalina.core.ApplicationFilterChain.internalDoFilter(ApplicationFilterChain.java:290)
	at org.apache.catalina.core.ApplicationFilterChain.doFilter(ApplicationFilterChain.java:206)
	at com.thetransactioncompany.cors.CORSFilter.doFilter(Unknown Source)
	at com.thetransactioncompany.cors.CORSFilter.doFilter(Unknown Source)
	at org.apache.catalina.core.ApplicationFilterChain.internalDoFilter(ApplicationFilterChain.java:235)
	at org.apache.catalina.core.ApplicationFilterChain.doFilter(ApplicationFilterChain.java:206)
	at org.apache.catalina.core.StandardWrapperValve.invoke(StandardWrapperValve.java:233)
	at org.apache.catalina.core.StandardContextValve.invoke(StandardContextValve.java:191)
	at org.apache.catalina.core.StandardHostValve.invoke(StandardHostValve.java:127)
	at org.apache.catalina.valves.ErrorReportValve.invoke(ErrorReportValve.java:102)
	at org.apache.catalina.core.StandardEngineValve.invoke(StandardEngineValve.java:109)
	at org.apache.catalina.connector.CoyoteAdapter.service(CoyoteAdapter.java:293)
	at org.apache.coyote.http11.Http11Processor.process(Http11Processor.java:859)
	at org.apache.coyote.http11.Http11Protocol$Http11ConnectionHandler.process(Http11Protocol.java:602)
	at org.apache.tomcat.util.net.JIoEndpoint$Worker.run(JIoEndpoint.java:489)
	at java.lang.Thread.run(Thread.java:679)
2012-04-24 09:52:44,551 DEBUG [http-8080-1] org.jboss.resteasy.core.SynchronousDispatcher: PathInfo: /collectionA
2012-04-24 09:52:44,551 WARN  [http-8080-1] org.jboss.resteasy.core.SynchronousDispatcher: Failed executing POST /collectionA
org.jboss.resteasy.spi.UnsupportedMediaTypeException: Cannot consume content type
	at org.jboss.resteasy.core.registry.Segment.match(Segment.java:112)
	at org.jboss.resteasy.core.registry.PathParamSegment.matchPattern(PathParamSegment.java:191)
	at org.jboss.resteasy.core.registry.RootSegment.matchChildren(RootSegment.java:339)
	at org.jboss.resteasy.core.registry.RootSegment.matchRoot(RootSegment.java:374)
	at org.jboss.resteasy.core.registry.RootSegment.matchRoot(RootSegment.java:367)
	at org.jboss.resteasy.core.ResourceMethodRegistry.getResourceInvoker(ResourceMethodRegistry.java:251)
	at org.jboss.resteasy.core.SynchronousDispatcher.getInvoker(SynchronousDispatcher.java:173)
	at org.jboss.resteasy.core.SynchronousDispatcher.invoke(SynchronousDispatcher.java:118)
	at org.jboss.resteasy.plugins.server.servlet.ServletContainerDispatcher.service(ServletContainerDispatcher.java:208)
	at org.jboss.resteasy.plugins.server.servlet.HttpServletDispatcher.service(HttpServletDispatcher.java:55)
	at org.jboss.resteasy.plugins.server.servlet.HttpServletDispatcher.service(HttpServletDispatcher.java:50)
	at javax.servlet.http.HttpServlet.service(HttpServlet.java:717)
	at org.apache.catalina.core.ApplicationFilterChain.internalDoFilter(ApplicationFilterChain.java:290)
	at org.apache.catalina.core.ApplicationFilterChain.doFilter(ApplicationFilterChain.java:206)
	at com.thetransactioncompany.cors.CORSFilter.doFilter(Unknown Source)
	at com.thetransactioncompany.cors.CORSFilter.doFilter(Unknown Source)
	at org.apache.catalina.core.ApplicationFilterChain.internalDoFilter(ApplicationFilterChain.java:235)
	at org.apache.catalina.core.ApplicationFilterChain.doFilter(ApplicationFilterChain.java:206)
	at org.apache.catalina.core.StandardWrapperValve.invoke(StandardWrapperValve.java:233)
	at org.apache.catalina.core.StandardContextValve.invoke(StandardContextValve.java:191)
	at org.apache.catalina.core.StandardHostValve.invoke(StandardHostValve.java:127)
	at org.apache.catalina.valves.ErrorReportValve.invoke(ErrorReportValve.java:102)
	at org.apache.catalina.core.StandardEngineValve.invoke(StandardEngineValve.java:109)
	at org.apache.catalina.connector.CoyoteAdapter.service(CoyoteAdapter.java:293)
	at org.apache.coyote.http11.Http11Processor.process(Http11Processor.java:859)
	at org.apache.coyote.http11.Http11Protocol$Http11ConnectionHandler.process(Http11Protocol.java:602)
	at org.apache.tomcat.util.net.JIoEndpoint$Worker.run(JIoEndpoint.java:489)
	at java.lang.Thread.run(Thread.java:679)
2012-04-24 09:54:30,252 DEBUG [http-8080-1] org.jboss.resteasy.core.SynchronousDispatcher: PathInfo: /collectionY
2012-04-24 09:54:30,252 WARN  [http-8080-1] org.jboss.resteasy.core.SynchronousDispatcher: Failed executing POST /collectionY
org.jboss.resteasy.spi.UnsupportedMediaTypeException: Cannot consume content type
	at org.jboss.resteasy.core.registry.Segment.match(Segment.java:112)
	at org.jboss.resteasy.core.registry.PathParamSegment.matchPattern(PathParamSegment.java:191)
	at org.jboss.resteasy.core.registry.RootSegment.matchChildren(RootSegment.java:339)
	at org.jboss.resteasy.core.registry.RootSegment.matchRoot(RootSegment.java:374)
	at org.jboss.resteasy.core.registry.RootSegment.matchRoot(RootSegment.java:367)
	at org.jboss.resteasy.core.ResourceMethodRegistry.getResourceInvoker(ResourceMethodRegistry.java:251)
	at org.jboss.resteasy.core.SynchronousDispatcher.getInvoker(SynchronousDispatcher.java:173)
	at org.jboss.resteasy.core.SynchronousDispatcher.invoke(SynchronousDispatcher.java:118)
	at org.jboss.resteasy.plugins.server.servlet.ServletContainerDispatcher.service(ServletContainerDispatcher.java:208)
	at org.jboss.resteasy.plugins.server.servlet.HttpServletDispatcher.service(HttpServletDispatcher.java:55)
	at org.jboss.resteasy.plugins.server.servlet.HttpServletDispatcher.service(HttpServletDispatcher.java:50)
	at javax.servlet.http.HttpServlet.service(HttpServlet.java:717)
	at org.apache.catalina.core.ApplicationFilterChain.internalDoFilter(ApplicationFilterChain.java:290)
	at org.apache.catalina.core.ApplicationFilterChain.doFilter(ApplicationFilterChain.java:206)
	at com.thetransactioncompany.cors.CORSFilter.doFilter(Unknown Source)
	at com.thetransactioncompany.cors.CORSFilter.doFilter(Unknown Source)
	at org.apache.catalina.core.ApplicationFilterChain.internalDoFilter(ApplicationFilterChain.java:235)
	at org.apache.catalina.core.ApplicationFilterChain.doFilter(ApplicationFilterChain.java:206)
	at org.apache.catalina.core.StandardWrapperValve.invoke(StandardWrapperValve.java:233)
	at org.apache.catalina.core.StandardContextValve.invoke(StandardContextValve.java:191)
	at org.apache.catalina.core.StandardHostValve.invoke(StandardHostValve.java:127)
	at org.apache.catalina.valves.ErrorReportValve.invoke(ErrorReportValve.java:102)
	at org.apache.catalina.core.StandardEngineValve.invoke(StandardEngineValve.java:109)
	at org.apache.catalina.connector.CoyoteAdapter.service(CoyoteAdapter.java:293)
	at org.apache.coyote.http11.Http11Processor.process(Http11Processor.java:859)
	at org.apache.coyote.http11.Http11Protocol$Http11ConnectionHandler.process(Http11Protocol.java:602)
	at org.apache.tomcat.util.net.JIoEndpoint$Worker.run(JIoEndpoint.java:489)
	at java.lang.Thread.run(Thread.java:679)
2012-04-24 09:55:34,046 DEBUG [http-8080-1] org.jboss.resteasy.core.SynchronousDispatcher: PathInfo: /collectionY
2012-04-24 09:55:34,047 WARN  [http-8080-1] org.jboss.resteasy.core.SynchronousDispatcher: Failed executing POST /collectionY
org.jboss.resteasy.spi.UnsupportedMediaTypeException: Cannot consume content type
	at org.jboss.resteasy.core.registry.Segment.match(Segment.java:112)
	at org.jboss.resteasy.core.registry.PathParamSegment.matchPattern(PathParamSegment.java:191)
	at org.jboss.resteasy.core.registry.RootSegment.matchChildren(RootSegment.java:339)
	at org.jboss.resteasy.core.registry.RootSegment.matchRoot(RootSegment.java:374)
	at org.jboss.resteasy.core.registry.RootSegment.matchRoot(RootSegment.java:367)
	at org.jboss.resteasy.core.ResourceMethodRegistry.getResourceInvoker(ResourceMethodRegistry.java:251)
	at org.jboss.resteasy.core.SynchronousDispatcher.getInvoker(SynchronousDispatcher.java:173)
	at org.jboss.resteasy.core.SynchronousDispatcher.invoke(SynchronousDispatcher.java:118)
	at org.jboss.resteasy.plugins.server.servlet.ServletContainerDispatcher.service(ServletContainerDispatcher.java:208)
	at org.jboss.resteasy.plugins.server.servlet.HttpServletDispatcher.service(HttpServletDispatcher.java:55)
	at org.jboss.resteasy.plugins.server.servlet.HttpServletDispatcher.service(HttpServletDispatcher.java:50)
	at javax.servlet.http.HttpServlet.service(HttpServlet.java:717)
	at org.apache.catalina.core.ApplicationFilterChain.internalDoFilter(ApplicationFilterChain.java:290)
	at org.apache.catalina.core.ApplicationFilterChain.doFilter(ApplicationFilterChain.java:206)
	at com.thetransactioncompany.cors.CORSFilter.doFilter(Unknown Source)
	at com.thetransactioncompany.cors.CORSFilter.doFilter(Unknown Source)
	at org.apache.catalina.core.ApplicationFilterChain.internalDoFilter(ApplicationFilterChain.java:235)
	at org.apache.catalina.core.ApplicationFilterChain.doFilter(ApplicationFilterChain.java:206)
	at org.apache.catalina.core.StandardWrapperValve.invoke(StandardWrapperValve.java:233)
	at org.apache.catalina.core.StandardContextValve.invoke(StandardContextValve.java:191)
	at org.apache.catalina.core.StandardHostValve.invoke(StandardHostValve.java:127)
	at org.apache.catalina.valves.ErrorReportValve.invoke(ErrorReportValve.java:102)
	at org.apache.catalina.core.StandardEngineValve.invoke(StandardEngineValve.java:109)
	at org.apache.catalina.connector.CoyoteAdapter.service(CoyoteAdapter.java:293)
	at org.apache.coyote.http11.Http11Processor.process(Http11Processor.java:859)
	at org.apache.coyote.http11.Http11Protocol$Http11ConnectionHandler.process(Http11Protocol.java:602)
	at org.apache.tomcat.util.net.JIoEndpoint$Worker.run(JIoEndpoint.java:489)
	at java.lang.Thread.run(Thread.java:679)
2012-04-24 09:55:49,547 DEBUG [http-8080-1] org.jboss.resteasy.core.SynchronousDispatcher: PathInfo: /collectionY
2012-04-24 09:55:49,800 WARN  [http-8080-1] org.jboss.resteasy.core.SynchronousDispatcher: Failed executing POST /collectionY
org.jboss.resteasy.plugins.providers.jaxb.JAXBUnmarshalException: javax.xml.bind.UnmarshalException: unexpected element (uri:"http://www.w3.org/1999/02/22-rdf-syntax-ns#", local:"RDF"). Expected elements are <{}collection>,<{http://www.w3.org/2005/Atom}link>,<{}resource>
	at org.jboss.resteasy.plugins.providers.jaxb.AbstractJAXBProvider.readFrom(AbstractJAXBProvider.java:102)
	at org.jboss.resteasy.core.interception.MessageBodyReaderContextImpl.proceed(MessageBodyReaderContextImpl.java:105)
	at org.jboss.resteasy.plugins.interceptors.encoding.GZIPDecodingInterceptor.read(GZIPDecodingInterceptor.java:61)
	at org.jboss.resteasy.core.interception.MessageBodyReaderContextImpl.proceed(MessageBodyReaderContextImpl.java:108)
	at org.jboss.resteasy.core.MessageBodyParameterInjector.inject(MessageBodyParameterInjector.java:168)
	at org.jboss.resteasy.core.MethodInjectorImpl.injectArguments(MethodInjectorImpl.java:114)
	at org.jboss.resteasy.core.MethodInjectorImpl.invoke(MethodInjectorImpl.java:137)
	at org.jboss.resteasy.core.ResourceMethod.invokeOnTarget(ResourceMethod.java:255)
	at org.jboss.resteasy.core.ResourceMethod.invoke(ResourceMethod.java:220)
	at org.jboss.resteasy.core.ResourceMethod.invoke(ResourceMethod.java:209)
	at org.jboss.resteasy.core.SynchronousDispatcher.getResponse(SynchronousDispatcher.java:519)
	at org.jboss.resteasy.core.SynchronousDispatcher.invoke(SynchronousDispatcher.java:496)
	at org.jboss.resteasy.core.SynchronousDispatcher.invoke(SynchronousDispatcher.java:119)
	at org.jboss.resteasy.plugins.server.servlet.ServletContainerDispatcher.service(ServletContainerDispatcher.java:208)
	at org.jboss.resteasy.plugins.server.servlet.HttpServletDispatcher.service(HttpServletDispatcher.java:55)
	at org.jboss.resteasy.plugins.server.servlet.HttpServletDispatcher.service(HttpServletDispatcher.java:50)
	at javax.servlet.http.HttpServlet.service(HttpServlet.java:717)
	at org.apache.catalina.core.ApplicationFilterChain.internalDoFilter(ApplicationFilterChain.java:290)
	at org.apache.catalina.core.ApplicationFilterChain.doFilter(ApplicationFilterChain.java:206)
	at com.thetransactioncompany.cors.CORSFilter.doFilter(Unknown Source)
	at com.thetransactioncompany.cors.CORSFilter.doFilter(Unknown Source)
	at org.apache.catalina.core.ApplicationFilterChain.internalDoFilter(ApplicationFilterChain.java:235)
	at org.apache.catalina.core.ApplicationFilterChain.doFilter(ApplicationFilterChain.java:206)
	at org.apache.catalina.core.StandardWrapperValve.invoke(StandardWrapperValve.java:233)
	at org.apache.catalina.core.StandardContextValve.invoke(StandardContextValve.java:191)
	at org.apache.catalina.core.StandardHostValve.invoke(StandardHostValve.java:127)
	at org.apache.catalina.valves.ErrorReportValve.invoke(ErrorReportValve.java:102)
	at org.apache.catalina.core.StandardEngineValve.invoke(StandardEngineValve.java:109)
	at org.apache.catalina.connector.CoyoteAdapter.service(CoyoteAdapter.java:293)
	at org.apache.coyote.http11.Http11Processor.process(Http11Processor.java:859)
	at org.apache.coyote.http11.Http11Protocol$Http11ConnectionHandler.process(Http11Protocol.java:602)
	at org.apache.tomcat.util.net.JIoEndpoint$Worker.run(JIoEndpoint.java:489)
	at java.lang.Thread.run(Thread.java:679)
Caused by: javax.xml.bind.UnmarshalException: unexpected element (uri:"http://www.w3.org/1999/02/22-rdf-syntax-ns#", local:"RDF"). Expected elements are <{}collection>,<{http://www.w3.org/2005/Atom}link>,<{}resource>
	at com.sun.xml.bind.v2.runtime.unmarshaller.UnmarshallingContext.handleEvent(UnmarshallingContext.java:642)
	at com.sun.xml.bind.v2.runtime.unmarshaller.Loader.reportError(Loader.java:254)
	at com.sun.xml.bind.v2.runtime.unmarshaller.Loader.reportError(Loader.java:249)
	at com.sun.xml.bind.v2.runtime.unmarshaller.Loader.reportUnexpectedChildElement(Loader.java:116)
	at com.sun.xml.bind.v2.runtime.unmarshaller.UnmarshallingContext$DefaultRootLoader.childElement(UnmarshallingContext.java:1049)
	at com.sun.xml.bind.v2.runtime.unmarshaller.UnmarshallingContext._startElement(UnmarshallingContext.java:478)
	at com.sun.xml.bind.v2.runtime.unmarshaller.UnmarshallingContext.startElement(UnmarshallingContext.java:459)
	at com.sun.xml.bind.v2.runtime.unmarshaller.SAXConnector.startElement(SAXConnector.java:148)
	at org.apache.xerces.parsers.AbstractSAXParser.startElement(Unknown Source)
	at org.apache.xerces.impl.XMLNSDocumentScannerImpl.scanStartElement(Unknown Source)
	at org.apache.xerces.impl.XMLNSDocumentScannerImpl$NSContentDispatcher.scanRootElementHook(Unknown Source)
	at org.apache.xerces.impl.XMLDocumentFragmentScannerImpl$FragmentContentDispatcher.dispatch(Unknown Source)
	at org.apache.xerces.impl.XMLDocumentFragmentScannerImpl.scanDocument(Unknown Source)
	at org.apache.xerces.parsers.XML11Configuration.parse(Unknown Source)
	at org.apache.xerces.parsers.XML11Configuration.parse(Unknown Source)
	at org.apache.xerces.parsers.XMLParser.parse(Unknown Source)
	at org.apache.xerces.parsers.AbstractSAXParser.parse(Unknown Source)
	at org.apache.xerces.jaxp.SAXParserImpl$JAXPSAXParser.parse(Unknown Source)
	at com.sun.xml.bind.v2.runtime.unmarshaller.UnmarshallerImpl.unmarshal0(UnmarshallerImpl.java:211)
	at com.sun.xml.bind.v2.runtime.unmarshaller.UnmarshallerImpl.unmarshal(UnmarshallerImpl.java:184)
	at javax.xml.bind.helpers.AbstractUnmarshallerImpl.unmarshal(AbstractUnmarshallerImpl.java:157)
	at javax.xml.bind.helpers.AbstractUnmarshallerImpl.unmarshal(AbstractUnmarshallerImpl.java:125)
	at org.jboss.resteasy.plugins.providers.jaxb.AbstractJAXBProvider.readFrom(AbstractJAXBProvider.java:98)
	... 32 more
2012-04-24 09:56:47,171 DEBUG [http-8080-1] org.jboss.resteasy.core.SynchronousDispatcher: PathInfo: /collectionY
2012-04-24 09:57:51,629 DEBUG [http-8080-1] org.jboss.resteasy.core.SynchronousDispatcher: PathInfo: /collectionY
2012-04-24 09:57:51,635 WARN  [http-8080-1] org.jboss.resteasy.core.SynchronousDispatcher: failed to execute
org.fiware.apps.repository.exceptions.web.RestNotFoundException
	at org.fiware.apps.repository.rest.CollectionService.getResource(CollectionService.java:142)
	at org.fiware.apps.repository.rest.CollectionService.getResource(CollectionService.java:64)
	at sun.reflect.NativeMethodAccessorImpl.invoke0(Native Method)
	at sun.reflect.NativeMethodAccessorImpl.invoke(NativeMethodAccessorImpl.java:57)
	at sun.reflect.DelegatingMethodAccessorImpl.invoke(DelegatingMethodAccessorImpl.java:43)
	at java.lang.reflect.Method.invoke(Method.java:616)
	at org.jboss.resteasy.core.MethodInjectorImpl.invoke(MethodInjectorImpl.java:140)
	at org.jboss.resteasy.core.ResourceMethod.invokeOnTarget(ResourceMethod.java:255)
	at org.jboss.resteasy.core.ResourceMethod.invoke(ResourceMethod.java:220)
	at org.jboss.resteasy.core.ResourceMethod.invoke(ResourceMethod.java:209)
	at org.jboss.resteasy.core.SynchronousDispatcher.getResponse(SynchronousDispatcher.java:519)
	at org.jboss.resteasy.core.SynchronousDispatcher.invoke(SynchronousDispatcher.java:496)
	at org.jboss.resteasy.core.SynchronousDispatcher.invoke(SynchronousDispatcher.java:119)
	at org.jboss.resteasy.plugins.server.servlet.ServletContainerDispatcher.service(ServletContainerDispatcher.java:208)
	at org.jboss.resteasy.plugins.server.servlet.HttpServletDispatcher.service(HttpServletDispatcher.java:55)
	at org.jboss.resteasy.plugins.server.servlet.HttpServletDispatcher.service(HttpServletDispatcher.java:50)
	at javax.servlet.http.HttpServlet.service(HttpServlet.java:717)
	at org.apache.catalina.core.ApplicationFilterChain.internalDoFilter(ApplicationFilterChain.java:290)
	at org.apache.catalina.core.ApplicationFilterChain.doFilter(ApplicationFilterChain.java:206)
	at com.thetransactioncompany.cors.CORSFilter.doFilter(Unknown Source)
	at com.thetransactioncompany.cors.CORSFilter.doFilter(Unknown Source)
	at org.apache.catalina.core.ApplicationFilterChain.internalDoFilter(ApplicationFilterChain.java:235)
	at org.apache.catalina.core.ApplicationFilterChain.doFilter(ApplicationFilterChain.java:206)
	at org.apache.catalina.core.StandardWrapperValve.invoke(StandardWrapperValve.java:233)
	at org.apache.catalina.core.StandardContextValve.invoke(StandardContextValve.java:191)
	at org.apache.catalina.core.StandardHostValve.invoke(StandardHostValve.java:127)
	at org.apache.catalina.valves.ErrorReportValve.invoke(ErrorReportValve.java:102)
	at org.apache.catalina.core.StandardEngineValve.invoke(StandardEngineValve.java:109)
	at org.apache.catalina.connector.CoyoteAdapter.service(CoyoteAdapter.java:293)
	at org.apache.coyote.http11.Http11Processor.process(Http11Processor.java:859)
	at org.apache.coyote.http11.Http11Protocol$Http11ConnectionHandler.process(Http11Protocol.java:602)
	at org.apache.tomcat.util.net.JIoEndpoint$Worker.run(JIoEndpoint.java:489)
	at java.lang.Thread.run(Thread.java:679)
2012-04-24 09:59:06,375 DEBUG [http-8080-1] org.jboss.resteasy.core.SynchronousDispatcher: PathInfo: /collectionY
2012-04-24 10:00:38,838 DEBUG [http-8080-1] org.jboss.resteasy.core.SynchronousDispatcher: PathInfo: /collectionY
2012-04-24 10:01:17,712 DEBUG [http-8080-1] org.jboss.resteasy.core.SynchronousDispatcher: PathInfo: /collectionY
2012-04-24 10:01:17,714 WARN  [http-8080-1] org.jboss.resteasy.core.SynchronousDispatcher: failed to execute
org.fiware.apps.repository.exceptions.web.RestNotFoundException
	at org.fiware.apps.repository.rest.CollectionService.getResource(CollectionService.java:142)
	at org.fiware.apps.repository.rest.CollectionService.getResource(CollectionService.java:64)
	at sun.reflect.NativeMethodAccessorImpl.invoke0(Native Method)
	at sun.reflect.NativeMethodAccessorImpl.invoke(NativeMethodAccessorImpl.java:57)
	at sun.reflect.DelegatingMethodAccessorImpl.invoke(DelegatingMethodAccessorImpl.java:43)
	at java.lang.reflect.Method.invoke(Method.java:616)
	at org.jboss.resteasy.core.MethodInjectorImpl.invoke(MethodInjectorImpl.java:140)
	at org.jboss.resteasy.core.ResourceMethod.invokeOnTarget(ResourceMethod.java:255)
	at org.jboss.resteasy.core.ResourceMethod.invoke(ResourceMethod.java:220)
	at org.jboss.resteasy.core.ResourceMethod.invoke(ResourceMethod.java:209)
	at org.jboss.resteasy.core.SynchronousDispatcher.getResponse(SynchronousDispatcher.java:519)
	at org.jboss.resteasy.core.SynchronousDispatcher.invoke(SynchronousDispatcher.java:496)
	at org.jboss.resteasy.core.SynchronousDispatcher.invoke(SynchronousDispatcher.java:119)
	at org.jboss.resteasy.plugins.server.servlet.ServletContainerDispatcher.service(ServletContainerDispatcher.java:208)
	at org.jboss.resteasy.plugins.server.servlet.HttpServletDispatcher.service(HttpServletDispatcher.java:55)
	at org.jboss.resteasy.plugins.server.servlet.HttpServletDispatcher.service(HttpServletDispatcher.java:50)
	at javax.servlet.http.HttpServlet.service(HttpServlet.java:717)
	at org.apache.catalina.core.ApplicationFilterChain.internalDoFilter(ApplicationFilterChain.java:290)
	at org.apache.catalina.core.ApplicationFilterChain.doFilter(ApplicationFilterChain.java:206)
	at com.thetransactioncompany.cors.CORSFilter.doFilter(Unknown Source)
	at com.thetransactioncompany.cors.CORSFilter.doFilter(Unknown Source)
	at org.apache.catalina.core.ApplicationFilterChain.internalDoFilter(ApplicationFilterChain.java:235)
	at org.apache.catalina.core.ApplicationFilterChain.doFilter(ApplicationFilterChain.java:206)
	at org.apache.catalina.core.StandardWrapperValve.invoke(StandardWrapperValve.java:233)
	at org.apache.catalina.core.StandardContextValve.invoke(StandardContextValve.java:191)
	at org.apache.catalina.core.StandardHostValve.invoke(StandardHostValve.java:127)
	at org.apache.catalina.valves.ErrorReportValve.invoke(ErrorReportValve.java:102)
	at org.apache.catalina.core.StandardEngineValve.invoke(StandardEngineValve.java:109)
	at org.apache.catalina.connector.CoyoteAdapter.service(CoyoteAdapter.java:293)
	at org.apache.coyote.http11.Http11Processor.process(Http11Processor.java:859)
	at org.apache.coyote.http11.Http11Protocol$Http11ConnectionHandler.process(Http11Protocol.java:602)
	at org.apache.tomcat.util.net.JIoEndpoint$Worker.run(JIoEndpoint.java:489)
	at java.lang.Thread.run(Thread.java:679)
2012-04-24 10:01:39,071 DEBUG [http-8080-1] org.jboss.resteasy.core.SynchronousDispatcher: PathInfo: /collectionA/collectionY
2012-04-24 10:01:39,073 WARN  [http-8080-1] org.jboss.resteasy.core.SynchronousDispatcher: failed to execute
org.fiware.apps.repository.exceptions.web.RestNotFoundException
	at org.fiware.apps.repository.rest.CollectionService.getResource(CollectionService.java:142)
	at org.fiware.apps.repository.rest.CollectionService.getResource(CollectionService.java:64)
	at sun.reflect.NativeMethodAccessorImpl.invoke0(Native Method)
	at sun.reflect.NativeMethodAccessorImpl.invoke(NativeMethodAccessorImpl.java:57)
	at sun.reflect.DelegatingMethodAccessorImpl.invoke(DelegatingMethodAccessorImpl.java:43)
	at java.lang.reflect.Method.invoke(Method.java:616)
	at org.jboss.resteasy.core.MethodInjectorImpl.invoke(MethodInjectorImpl.java:140)
	at org.jboss.resteasy.core.ResourceMethod.invokeOnTarget(ResourceMethod.java:255)
	at org.jboss.resteasy.core.ResourceMethod.invoke(ResourceMethod.java:220)
	at org.jboss.resteasy.core.ResourceMethod.invoke(ResourceMethod.java:209)
	at org.jboss.resteasy.core.SynchronousDispatcher.getResponse(SynchronousDispatcher.java:519)
	at org.jboss.resteasy.core.SynchronousDispatcher.invoke(SynchronousDispatcher.java:496)
	at org.jboss.resteasy.core.SynchronousDispatcher.invoke(SynchronousDispatcher.java:119)
	at org.jboss.resteasy.plugins.server.servlet.ServletContainerDispatcher.service(ServletContainerDispatcher.java:208)
	at org.jboss.resteasy.plugins.server.servlet.HttpServletDispatcher.service(HttpServletDispatcher.java:55)
	at org.jboss.resteasy.plugins.server.servlet.HttpServletDispatcher.service(HttpServletDispatcher.java:50)
	at javax.servlet.http.HttpServlet.service(HttpServlet.java:717)
	at org.apache.catalina.core.ApplicationFilterChain.internalDoFilter(ApplicationFilterChain.java:290)
	at org.apache.catalina.core.ApplicationFilterChain.doFilter(ApplicationFilterChain.java:206)
	at com.thetransactioncompany.cors.CORSFilter.doFilter(Unknown Source)
	at com.thetransactioncompany.cors.CORSFilter.doFilter(Unknown Source)
	at org.apache.catalina.core.ApplicationFilterChain.internalDoFilter(ApplicationFilterChain.java:235)
	at org.apache.catalina.core.ApplicationFilterChain.doFilter(ApplicationFilterChain.java:206)
	at org.apache.catalina.core.StandardWrapperValve.invoke(StandardWrapperValve.java:233)
	at org.apache.catalina.core.StandardContextValve.invoke(StandardContextValve.java:191)
	at org.apache.catalina.core.StandardHostValve.invoke(StandardHostValve.java:127)
	at org.apache.catalina.valves.ErrorReportValve.invoke(ErrorReportValve.java:102)
	at org.apache.catalina.core.StandardEngineValve.invoke(StandardEngineValve.java:109)
	at org.apache.catalina.connector.CoyoteAdapter.service(CoyoteAdapter.java:293)
	at org.apache.coyote.http11.Http11Processor.process(Http11Processor.java:859)
	at org.apache.coyote.http11.Http11Protocol$Http11ConnectionHandler.process(Http11Protocol.java:602)
	at org.apache.tomcat.util.net.JIoEndpoint$Worker.run(JIoEndpoint.java:489)
	at java.lang.Thread.run(Thread.java:679)
2012-04-24 10:05:11,877 DEBUG [http-8080-1] org.jboss.resteasy.core.SynchronousDispatcher: PathInfo: /collectionA/collectionB/ResourceName
2012-04-24 10:05:46,676 DEBUG [http-8080-1] org.jboss.resteasy.core.SynchronousDispatcher: PathInfo: /collectionA/collectionB/ResourceName
2012-04-24 10:09:25,023 DEBUG [http-8080-2] org.jboss.resteasy.core.SynchronousDispatcher: PathInfo: /collectionA/collectionB/ResourceName
2012-04-24 10:11:15,714 DEBUG [http-8080-2] org.jboss.resteasy.core.SynchronousDispatcher: PathInfo: /collectionA/collectionB/ResourceName
2012-04-24 10:12:04,665 DEBUG [http-8080-2] org.jboss.resteasy.core.SynchronousDispatcher: PathInfo: /collectionA/collectionB/ResourceName
2012-04-24 10:13:41,197 DEBUG [http-8080-2] org.jboss.resteasy.core.SynchronousDispatcher: PathInfo: /collectionA/collectionB/ResourceName
2012-04-24 10:13:49,917 DEBUG [http-8080-2] org.jboss.resteasy.core.SynchronousDispatcher: PathInfo: /collectionA/collectionB/ResourceName
2012-04-24 10:14:26,124 DEBUG [http-8080-2] org.jboss.resteasy.core.SynchronousDispatcher: PathInfo: /collectionA/collectionB/ResourceName
2012-04-24 10:23:50,418 DEBUG [http-8080-1] org.jboss.resteasy.core.SynchronousDispatcher: PathInfo: /collectionA/collectionB/ResourceName
2012-04-24 10:24:39,444 DEBUG [http-8080-1] org.jboss.resteasy.core.SynchronousDispatcher: PathInfo: /collectionA/collectionB/ResourceName
2012-04-24 10:26:33,422 DEBUG [http-8080-1] org.jboss.resteasy.core.SynchronousDispatcher: PathInfo: /collectionA/collectionB/ResourceName
2012-04-24 10:27:54,612 DEBUG [http-8080-1] org.jboss.resteasy.core.SynchronousDispatcher: PathInfo: /collectionA/collectionB/ResourceName
2012-04-24 10:28:08,586 DEBUG [http-8080-1] org.jboss.resteasy.core.SynchronousDispatcher: PathInfo: /collectionA/collectionB/ResourceName
2012-04-24 10:34:52,326 DEBUG [http-8080-2] org.jboss.resteasy.core.SynchronousDispatcher: PathInfo: /collectionA/collectionB/ResourceName
2012-04-24 12:10:33,996 DEBUG [http-8080-2] org.jboss.resteasy.core.SynchronousDispatcher: PathInfo: /collectionA/collectionB/ResourceName
